00:11:10:432 [main] INFO  com.qa.testLayer.TestCases - ******DemoBlaze Automation Framework******
00:11:15:381 [main] INFO  com.qa.testLayer.TestCases - ******Browser launched******
00:11:15:502 [main] INFO  com.qa.testLayer.TestCases - ******Test Case exection started******
00:11:15:562 [main] INFO  com.qa.testLayer.TestCases - ******test case: verifyBuyProcessOfNexus6******
00:11:20:094 [main] INFO  com.qa.testLayer.TestCases - ******Test Case exection stopped******
00:11:20:448 [main] INFO  com.qa.testLayer.TestCases - ******Browser closed******
00:11:23:124 [main] INFO  com.qa.testLayer.TestCases - ******Browser launched******
00:11:23:231 [main] INFO  com.qa.testLayer.TestCases - ******Test Case exection started******
00:11:23:247 [main] INFO  com.qa.testLayer.TestCases - ******test case: verifyBuyProcessOfNokiaLumia1520******
00:11:29:690 [main] INFO  com.qa.testLayer.TestCases - ******Test Case exection stopped******
00:11:30:079 [main] INFO  com.qa.testLayer.TestCases - ******Browser closed******
00:11:32:974 [main] INFO  com.qa.testLayer.TestCases - ******Browser launched******
00:11:33:084 [main] INFO  com.qa.testLayer.TestCases - ******Test Case exection started******
00:11:33:091 [main] INFO  com.qa.testLayer.TestCases - ******test case: verifyBuyProcessOfSamsungGalaxyS6******
00:11:39:587 [main] INFO  com.qa.testLayer.TestCases - ******Test Case exection stopped******
00:11:39:942 [main] INFO  com.qa.testLayer.TestCases - ******Browser closed******
00:11:39:944 [main] INFO  com.qa.testLayer.TestCases - ******Framework exection stopped******
00:19:14:615 [main] INFO  com.qa.testLayer.TestCases - ******DemoBlaze Automation Framework******
00:19:19:361 [main] INFO  com.qa.testLayer.TestCases - ******Browser launched******
00:19:19:487 [main] INFO  com.qa.testLayer.TestCases - ******Test Case exection started******
00:19:19:587 [main] INFO  com.qa.testLayer.TestCases - ******test case: verifyBuyProcessOfNexus6******
00:19:24:226 [main] INFO  com.qa.testLayer.TestCases - ******Test Case exection stopped******
00:19:24:625 [main] INFO  com.qa.testLayer.TestCases - ******Browser closed******
00:19:28:135 [main] INFO  com.qa.testLayer.TestCases - ******Browser launched******
00:19:28:238 [main] INFO  com.qa.testLayer.TestCases - ******Test Case exection started******
00:19:28:241 [main] INFO  com.qa.testLayer.TestCases - ******test case: verifyBuyProcessOfNokiaLumia1520******
00:19:34:916 [main] INFO  com.qa.testLayer.TestCases - ******Test Case exection stopped******
00:19:35:270 [main] INFO  com.qa.testLayer.TestCases - ******Browser closed******
00:19:38:604 [main] INFO  com.qa.testLayer.TestCases - ******Browser launched******
00:19:38:727 [main] INFO  com.qa.testLayer.TestCases - ******Test Case exection started******
00:19:38:733 [main] INFO  com.qa.testLayer.TestCases - ******test case: verifyBuyProcessOfSamsungGalaxyS6******
00:19:44:898 [main] INFO  com.qa.testLayer.TestCases - ******Test Case exection stopped******
00:19:45:247 [main] INFO  com.qa.testLayer.TestCases - ******Browser closed******
00:19:45:249 [main] INFO  com.qa.testLayer.TestCases - ******Framework exection stopped******
00:23:10:196 [main] INFO  com.qa.testLayer.TestCases - ******DemoBlaze Automation Framework******
00:23:15:578 [main] INFO  com.qa.testLayer.TestCases - ******Browser launched******
00:23:15:740 [main] INFO  com.qa.testLayer.TestCases - ******Test Case exection started******
00:23:15:848 [main] INFO  com.qa.testLayer.TestCases - ******test case: verifyBuyProcessOfNexus6******
00:23:20:258 [main] INFO  com.qa.testLayer.TestCases - ******Test Case exection stopped******
00:23:20:675 [main] INFO  com.qa.testLayer.TestCases - ******Browser closed******
00:23:23:284 [main] INFO  com.qa.testLayer.TestCases - ******Browser launched******
00:23:23:351 [main] INFO  com.qa.testLayer.TestCases - ******Test Case exection started******
00:23:23:363 [main] INFO  com.qa.testLayer.TestCases - ******test case: verifyBuyProcessOfNokiaLumia1520******
00:23:29:816 [main] INFO  com.qa.testLayer.TestCases - ******Test Case exection stopped******
00:23:30:205 [main] INFO  com.qa.testLayer.TestCases - ******Browser closed******
00:23:33:104 [main] INFO  com.qa.testLayer.TestCases - ******Browser launched******
00:23:33:277 [main] INFO  com.qa.testLayer.TestCases - ******Test Case exection started******
00:23:33:280 [main] INFO  com.qa.testLayer.TestCases - ******test case: verifyBuyProcessOfSamsungGalaxyS6******
00:23:39:337 [main] INFO  com.qa.testLayer.TestCases - ******Test Case exection stopped******
00:23:39:693 [main] INFO  com.qa.testLayer.TestCases - ******Browser closed******
00:23:39:695 [main] INFO  com.qa.testLayer.TestCases - ******Framework exection stopped******
00:24:43:254 [main] INFO  com.qa.testLayer.TestCases - ******DemoBlaze Automation Framework******
00:24:47:851 [main] INFO  com.qa.testLayer.TestCases - ******Browser launched******
00:24:47:957 [main] INFO  com.qa.testLayer.TestCases - ******Test Case exection started******
00:24:48:039 [main] INFO  com.qa.testLayer.TestCases - ******test case: verifyBuyProcessOfNexus6******
00:24:52:475 [main] INFO  com.qa.testLayer.TestCases - ******Test Case exection stopped******
00:24:52:862 [main] INFO  com.qa.testLayer.TestCases - ******Browser closed******
00:24:52:864 [main] INFO  com.qa.testLayer.TestCases - ******Framework exection stopped******
00:26:21:975 [main] INFO  com.qa.testLayer.TestCases - ******DemoBlaze Automation Framework******
00:26:28:408 [main] INFO  com.qa.testLayer.TestCases - ******Browser launched******
00:26:28:571 [main] INFO  com.qa.testLayer.TestCases - ******Test Case exection started******
00:26:28:681 [main] INFO  com.qa.testLayer.TestCases - ******test case: verifyBuyProcessOfNexus6******
00:26:32:902 [main] INFO  com.qa.testLayer.TestCases - ******Test Case exection stopped******
00:26:33:265 [main] INFO  com.qa.testLayer.TestCases - ******Browser closed******
00:26:33:267 [main] INFO  com.qa.testLayer.TestCases - ******Framework exection stopped******
00:29:36:561 [main] INFO  com.qa.testLayer.TestCases - ******DemoBlaze Automation Framework******
00:29:41:190 [main] INFO  com.qa.testLayer.TestCases - ******Browser launched******
00:29:41:346 [main] INFO  com.qa.testLayer.TestCases - ******Test Case exection started******
00:29:41:471 [main] INFO  com.qa.testLayer.TestCases - ******test case: verifyBuyProcessOfNexus6******
00:29:45:716 [main] INFO  com.qa.testLayer.TestCases - ******Test Case exection stopped******
00:29:46:040 [main] INFO  com.qa.testLayer.TestCases - ******Browser closed******
00:29:46:041 [main] INFO  com.qa.testLayer.TestCases - ******Framework exection stopped******
00:30:34:201 [main] INFO  com.qa.testLayer.TestCases - ******DemoBlaze Automation Framework******
00:30:38:887 [main] INFO  com.qa.testLayer.TestCases - ******Browser launched******
00:30:38:970 [main] INFO  com.qa.testLayer.TestCases - ******Test Case exection started******
00:30:39:024 [main] INFO  com.qa.testLayer.TestCases - ******test case: verifyBuyProcessOfNexus6******
00:30:43:619 [main] INFO  com.qa.testLayer.TestCases - ******Test Case exection stopped******
00:30:44:069 [main] INFO  com.qa.testLayer.TestCases - ******Browser closed******
00:30:44:071 [main] INFO  com.qa.testLayer.TestCases - ******Framework exection stopped******
00:31:22:375 [main] INFO  com.qa.testLayer.TestCases - ******DemoBlaze Automation Framework******
00:31:32:083 [main] INFO  com.qa.testLayer.TestCases - ******Browser launched******
00:31:32:222 [main] INFO  com.qa.testLayer.TestCases - ******Test Case exection started******
00:31:32:290 [main] INFO  com.qa.testLayer.TestCases - ******test case: verifyBuyProcessOfNexus6******
00:31:36:407 [main] INFO  com.qa.testLayer.TestCases - ******Test Case exection stopped******
00:31:36:723 [main] INFO  com.qa.testLayer.TestCases - ******Browser closed******
00:31:36:724 [main] INFO  com.qa.testLayer.TestCases - ******Framework exection stopped******
00:41:18:327 [main] INFO  com.qa.testLayer.TestCases - ******DemoBlaze Automation Framework******
00:41:24:708 [main] INFO  com.qa.testLayer.TestCases - ******Browser launched******
00:41:24:826 [main] INFO  com.qa.testLayer.TestCases - ******Test Case exection started******
00:41:24:881 [main] INFO  com.qa.testLayer.TestCases - ******test case: verifyBuyProcessOfNexus6******
00:41:29:782 [main] INFO  com.qa.testLayer.TestCases - ******Test Case exection stopped******
00:41:30:368 [main] INFO  com.qa.testLayer.TestCases - ******Browser closed******
00:41:30:370 [main] INFO  com.qa.testLayer.TestCases - ******Framework exection stopped******
00:44:08:730 [main] INFO  com.qa.testLayer.TestCases - ******DemoBlaze Automation Framework******
00:44:13:486 [main] INFO  com.qa.testLayer.TestCases - ******Browser launched******
00:44:13:652 [main] INFO  com.qa.testLayer.TestCases - ******Test Case exection started******
00:44:13:733 [main] INFO  com.qa.testLayer.TestCases - ******test case: verifyBuyProcessOfNexus6******
00:44:18:046 [main] INFO  com.qa.testLayer.TestCases - ******Test Case exection stopped******
00:44:18:456 [main] INFO  com.qa.testLayer.TestCases - ******Browser closed******
00:44:18:458 [main] INFO  com.qa.testLayer.TestCases - ******Framework exection stopped******
00:52:15:936 [main] INFO  com.qa.testLayer.TestCases - ******DemoBlaze Automation Framework******
00:52:21:956 [main] INFO  com.qa.testLayer.TestCases - ******Browser launched******
00:52:22:133 [main] INFO  com.qa.testLayer.TestCases - ******Test Case exection started******
00:52:22:248 [main] INFO  com.qa.testLayer.TestCases - ******test case: verifyBuyProcessOfSamsungGalaxyS6******
00:52:26:396 [main] INFO  com.qa.testLayer.TestCases - ******Test Case exection stopped******
00:52:26:916 [main] INFO  com.qa.testLayer.TestCases - ******Browser closed******
00:52:26:918 [main] INFO  com.qa.testLayer.TestCases - ******Framework exection stopped******
00:53:53:075 [main] INFO  com.qa.testLayer.TestCases - ******DemoBlaze Automation Framework******
00:53:57:656 [main] INFO  com.qa.testLayer.TestCases - ******Browser launched******
00:53:57:778 [main] INFO  com.qa.testLayer.TestCases - ******Test Case exection started******
00:53:57:927 [main] INFO  com.qa.testLayer.TestCases - ******test case: verifyBuyProcessOfSamsungGalaxyS6******
00:54:02:217 [main] INFO  com.qa.testLayer.TestCases - ******Test Case exection stopped******
00:54:02:607 [main] INFO  com.qa.testLayer.TestCases - ******Browser closed******
00:54:02:609 [main] INFO  com.qa.testLayer.TestCases - ******Framework exection stopped******
00:54:46:071 [main] INFO  com.qa.testLayer.TestCases - ******DemoBlaze Automation Framework******
00:54:50:187 [main] INFO  com.qa.testLayer.TestCases - ******Browser launched******
00:55:06:440 [main] INFO  com.qa.testLayer.TestCases - ******DemoBlaze Automation Framework******
00:55:11:756 [main] INFO  com.qa.testLayer.TestCases - ******Browser launched******
00:55:11:908 [main] INFO  com.qa.testLayer.TestCases - ******Test Case exection started******
00:55:12:003 [main] INFO  com.qa.testLayer.TestCases - ******test case: verifyBuyProcessOfSamsungGalaxyS6******
00:55:14:230 [main] INFO  com.qa.testLayer.TestCases - ******Test Case exection stopped******
00:55:14:509 [main] INFO  com.qa.testLayer.TestCases - ******Browser closed******
00:55:14:511 [main] INFO  com.qa.testLayer.TestCases - ******Framework exection stopped******
00:56:02:074 [main] INFO  com.qa.testLayer.TestCases - ******DemoBlaze Automation Framework******
00:56:07:789 [main] INFO  com.qa.testLayer.TestCases - ******Browser launched******
00:56:07:937 [main] INFO  com.qa.testLayer.TestCases - ******Test Case exection started******
00:56:08:054 [main] INFO  com.qa.testLayer.TestCases - ******test case: verifyBuyProcessOfSamsungGalaxyS6******
00:56:10:127 [main] INFO  com.qa.testLayer.TestCases - ******Test Case exection stopped******
00:56:10:452 [main] INFO  com.qa.testLayer.TestCases - ******Browser closed******
00:56:10:454 [main] INFO  com.qa.testLayer.TestCases - ******Framework exection stopped******
00:56:58:385 [main] INFO  com.qa.testLayer.TestCases - ******DemoBlaze Automation Framework******
00:57:04:654 [main] INFO  com.qa.testLayer.TestCases - ******Browser launched******
00:57:04:802 [main] INFO  com.qa.testLayer.TestCases - ******Test Case exection started******
00:57:04:901 [main] INFO  com.qa.testLayer.TestCases - ******test case: verifyBuyProcessOfSamsungGalaxyS6******
00:57:10:942 [main] INFO  com.qa.testLayer.TestCases - ******Test Case exection stopped******
00:57:11:276 [main] INFO  com.qa.testLayer.TestCases - ******Browser closed******
00:57:11:278 [main] INFO  com.qa.testLayer.TestCases - ******Framework exection stopped******
01:07:33:519 [main] INFO  com.qa.testLayer.TestCases - ******DemoBlaze Automation Framework******
01:07:43:604 [main] INFO  com.qa.testLayer.TestCases - ******Browser launched******
01:07:43:752 [main] INFO  com.qa.testLayer.TestCases - ******Test Case exection started******
01:07:43:904 [main] INFO  com.qa.testLayer.TestCases - ******test case: verifyBuyProcessOfSamsungGalaxyS6******
01:07:50:045 [main] INFO  com.qa.testLayer.TestCases - ******Test Case exection stopped******
01:07:50:391 [main] INFO  com.qa.testLayer.TestCases - ******Browser closed******
01:07:53:006 [main] INFO  com.qa.testLayer.TestCases - ******Browser launched******
01:07:53:149 [main] INFO  com.qa.testLayer.TestCases - ******Test Case exection started******
01:07:53:153 [main] INFO  com.qa.testLayer.TestCases - ******test case: verifyBuyProcessOfNexus6******
01:07:57:586 [main] INFO  com.qa.testLayer.TestCases - ******Test Case exection stopped******
01:07:57:893 [main] INFO  com.qa.testLayer.TestCases - ******Browser closed******
01:07:57:907 [main] INFO  com.qa.testLayer.TestCases - ******Framework exection stopped******
01:35:24:241 [TestNG-test-Test-1] INFO  com.qa.testLayer.TestCases - ******DemoBlaze Automation Framework******
01:35:33:005 [TestNG-test-Test-1] INFO  com.qa.testLayer.TestCases - ******Browser launched******
01:35:34:039 [TestNG-test-Test-2] INFO  com.qa.testLayer.TestCases - ******Browser launched******
01:35:34:330 [TestNG-test-Test-3] INFO  com.qa.testLayer.TestCases - ******Browser launched******
01:35:35:576 [TestNG-test-Test-1] INFO  com.qa.testLayer.TestCases - ******Test Case exection started******
01:35:35:580 [TestNG-test-Test-2] INFO  com.qa.testLayer.TestCases - ******Test Case exection started******
01:35:35:584 [TestNG-test-Test-3] INFO  com.qa.testLayer.TestCases - ******Test Case exection started******
01:35:35:853 [TestNG-test-Test-1] INFO  com.qa.testLayer.TestCases - ******test case: verifyBuyProcessOfNexus6******
01:35:35:859 [TestNG-test-Test-2] INFO  com.qa.testLayer.TestCases - ******test case: verifyBuyProcessOfNokiaLumia1520******
01:35:35:873 [TestNG-test-Test-3] INFO  com.qa.testLayer.TestCases - ******test case: verifyBuyProcessOfSamsungGalaxyS6******
01:35:39:019 [TestNG-test-Test-2] INFO  com.qa.testLayer.TestCases - ******Test Case exection stopped******
01:35:39:487 [TestNG-test-Test-3] INFO  com.qa.testLayer.TestCases - ******Test Case exection stopped******
01:35:40:469 [TestNG-test-Test-2] INFO  com.qa.testLayer.TestCases - ******Browser closed******
01:35:40:469 [TestNG-test-Test-3] INFO  com.qa.testLayer.TestCases - ******Browser closed******
01:35:41:761 [TestNG-test-Test-1] INFO  com.qa.testLayer.TestCases - ******Framework exection stopped******
01:36:19:861 [TestNG-test-Test-2] INFO  com.qa.testLayer.TestCases - ******DemoBlaze Automation Framework******
01:36:28:190 [TestNG-test-Test-1] INFO  com.qa.testLayer.TestCases - ******Browser launched******
01:36:28:338 [TestNG-test-Test-2] INFO  com.qa.testLayer.TestCases - ******Browser launched******
01:36:30:479 [TestNG-test-Test-3] INFO  com.qa.testLayer.TestCases - ******Browser launched******
01:36:30:755 [TestNG-test-Test-2] INFO  com.qa.testLayer.TestCases - ******Test Case exection started******
01:36:30:758 [TestNG-test-Test-1] INFO  com.qa.testLayer.TestCases - ******Test Case exection started******
01:36:30:761 [TestNG-test-Test-3] INFO  com.qa.testLayer.TestCases - ******Test Case exection started******
01:36:30:827 [TestNG-test-Test-3] INFO  com.qa.testLayer.TestCases - ******test case: verifyBuyProcessOfSamsungGalaxyS6******
01:36:30:831 [TestNG-test-Test-2] INFO  com.qa.testLayer.TestCases - ******test case: verifyBuyProcessOfNokiaLumia1520******
01:36:30:838 [TestNG-test-Test-1] INFO  com.qa.testLayer.TestCases - ******test case: verifyBuyProcessOfNexus6******
01:36:33:187 [TestNG-test-Test-1] INFO  com.qa.testLayer.TestCases - ******Test Case exection stopped******
01:36:33:419 [TestNG-test-Test-3] INFO  com.qa.testLayer.TestCases - ******Test Case exection stopped******
01:36:34:075 [TestNG-test-Test-3] INFO  com.qa.testLayer.TestCases - ******Browser closed******
01:36:34:076 [TestNG-test-Test-1] INFO  com.qa.testLayer.TestCases - ******Browser closed******
01:36:35:600 [TestNG-test-Test-2] INFO  com.qa.testLayer.TestCases - ******Framework exection stopped******
01:37:38:380 [TestNG-test-Test-1] INFO  com.qa.testLayer.TestCases - ******DemoBlaze Automation Framework******
01:37:44:154 [TestNG-test-Test-2] INFO  com.qa.testLayer.TestCases - ******Browser launched******
01:37:44:283 [TestNG-test-Test-1] INFO  com.qa.testLayer.TestCases - ******Browser launched******
01:37:45:466 [TestNG-test-Test-2] INFO  com.qa.testLayer.TestCases - ******Test Case exection started******
01:37:45:503 [TestNG-test-Test-1] INFO  com.qa.testLayer.TestCases - ******Test Case exection started******
01:37:45:547 [TestNG-test-Test-1] INFO  com.qa.testLayer.TestCases - ******test case: verifyBuyProcessOfNokiaLumia1520******
01:37:45:548 [TestNG-test-Test-2] INFO  com.qa.testLayer.TestCases - ******test case: verifyBuyProcessOfSamsungGalaxyS6******
01:37:47:736 [TestNG-test-Test-1] INFO  com.qa.testLayer.TestCases - ******Test Case exection stopped******
01:37:47:986 [TestNG-test-Test-2] INFO  com.qa.testLayer.TestCases - ******Test Case exection stopped******
01:37:48:349 [TestNG-test-Test-2] INFO  com.qa.testLayer.TestCases - ******Browser closed******
01:37:48:349 [TestNG-test-Test-1] INFO  com.qa.testLayer.TestCases - ******Browser closed******
01:37:48:350 [TestNG-test-Test-1] INFO  com.qa.testLayer.TestCases - ******Framework exection stopped******
01:40:01:267 [TestNG-test-Test-1] INFO  com.qa.testLayer.TestCases - ******DemoBlaze Automation Framework******
01:40:10:881 [TestNG-test-Test-2] INFO  com.qa.testLayer.TestCases - ******Browser launched******
01:40:10:954 [TestNG-test-Test-3] INFO  com.qa.testLayer.TestCases - ******Browser launched******
01:40:10:960 [TestNG-test-Test-1] INFO  com.qa.testLayer.TestCases - ******Browser launched******
01:40:12:682 [TestNG-test-Test-2] INFO  com.qa.testLayer.TestCases - ******Test Case exection started******
01:40:12:682 [TestNG-test-Test-3] INFO  com.qa.testLayer.TestCases - ******Test Case exection started******
01:40:12:692 [TestNG-test-Test-1] INFO  com.qa.testLayer.TestCases - ******Test Case exection started******
01:40:12:761 [TestNG-test-Test-2] INFO  com.qa.testLayer.TestCases - ******test case: verifyBuyProcessOfNokiaLumia1520******
01:40:12:763 [TestNG-test-Test-3] INFO  com.qa.testLayer.TestCases - ******test case: verifyBuyProcessOfSamsungGalaxyS6******
01:40:12:768 [TestNG-test-Test-1] INFO  com.qa.testLayer.TestCases - ******test case: verifyBuyProcessOfNexus6******
01:40:15:232 [TestNG-test-Test-1] INFO  com.qa.testLayer.TestCases - ******Test Case exection stopped******
01:40:15:403 [TestNG-test-Test-3] INFO  com.qa.testLayer.TestCases - ******Test Case exection stopped******
01:40:16:192 [TestNG-test-Test-3] INFO  com.qa.testLayer.TestCases - ******Browser closed******
01:40:16:192 [TestNG-test-Test-1] INFO  com.qa.testLayer.TestCases - ******Browser closed******
01:40:17:546 [TestNG-test-Test-2] INFO  com.qa.testLayer.TestCases - ******Framework exection stopped******
01:48:21:735 [main] INFO  com.qa.testLayer.TestCases - ******DemoBlaze Automation Framework******
01:48:25:041 [main] INFO  com.qa.testLayer.TestCases - ******Browser launched******
01:48:28:198 [main] INFO  com.qa.testLayer.TestCases - ******Test Case exection started******
01:48:28:267 [main] INFO  com.qa.testLayer.TestCases - ******test case: verifyBuyProcessOfNexus6******
01:48:32:324 [main] INFO  com.qa.testLayer.TestCases - ******Test Case exection stopped******
01:48:32:762 [main] INFO  com.qa.testLayer.TestCases - ******Browser closed******
01:48:34:098 [main] INFO  com.qa.testLayer.TestCases - ******Browser launched******
01:48:35:750 [main] INFO  com.qa.testLayer.TestCases - ******Test Case exection started******
01:48:35:753 [main] INFO  com.qa.testLayer.TestCases - ******test case: verifyBuyProcessOfNokiaLumia1520******
01:48:42:014 [main] INFO  com.qa.testLayer.TestCases - ******Test Case exection stopped******
01:48:42:429 [main] INFO  com.qa.testLayer.TestCases - ******Browser closed******
01:48:43:754 [main] INFO  com.qa.testLayer.TestCases - ******Browser launched******
01:48:45:466 [main] INFO  com.qa.testLayer.TestCases - ******Test Case exection started******
01:48:45:474 [main] INFO  com.qa.testLayer.TestCases - ******test case: verifyBuyProcessOfSamsungGalaxyS6******
01:48:51:850 [main] INFO  com.qa.testLayer.TestCases - ******Test Case exection stopped******
01:48:52:172 [main] INFO  com.qa.testLayer.TestCases - ******Browser closed******
01:48:52:174 [main] INFO  com.qa.testLayer.TestCases - ******Framework exection stopped******
01:48:52:737 [main] INFO  com.qa.testLayer.TestCases - ******DemoBlaze Automation Framework******
01:49:01:805 [main] INFO  com.qa.testLayer.TestCases - ******Test Case exection started******
01:49:01:811 [main] INFO  com.qa.testLayer.TestCases - ******test case: verifyBuyProcessOfNexus6******
01:49:06:750 [main] INFO  com.qa.testLayer.TestCases - ******Test Case exection stopped******
01:49:08:071 [main] INFO  com.qa.testLayer.TestCases - ******Browser closed******
01:49:13:861 [main] INFO  com.qa.testLayer.TestCases - ******Test Case exection started******
01:49:13:865 [main] INFO  com.qa.testLayer.TestCases - ******test case: verifyBuyProcessOfNokiaLumia1520******
01:49:15:026 [main] INFO  com.qa.testLayer.TestCases - ******Test Case exection stopped******
01:49:16:414 [main] INFO  com.qa.testLayer.TestCases - ******Browser closed******
01:49:22:452 [main] INFO  com.qa.testLayer.TestCases - ******Test Case exection started******
01:49:22:455 [main] INFO  com.qa.testLayer.TestCases - ******test case: verifyBuyProcessOfSamsungGalaxyS6******
01:49:29:117 [main] INFO  com.qa.testLayer.TestCases - ******Test Case exection stopped******
01:49:30:612 [main] INFO  com.qa.testLayer.TestCases - ******Browser closed******
01:49:30:613 [main] INFO  com.qa.testLayer.TestCases - ******Framework exection stopped******
18:28:11:590 [main] INFO  com.qa.testLayer.TestCases - ******DemoBlaze Automation Framework******
18:28:17:788 [main] INFO  com.qa.testLayer.TestCases - ******Browser launched******
18:28:20:506 [main] INFO  com.qa.testLayer.TestCases - ******Test Case exection started******
18:28:22:957 [main] INFO  com.qa.testLayer.TestCases - ******Test Case exection stopped******
18:28:23:373 [main] INFO  com.qa.testLayer.TestCases - ******Browser closed******
18:28:23:374 [main] INFO  com.qa.testLayer.TestCases - ******Framework exection stopped******
18:29:03:527 [main] INFO  com.qa.testLayer.TestCases - ******DemoBlaze Automation Framework******
18:29:07:322 [main] INFO  com.qa.testLayer.TestCases - ******Browser launched******
18:29:09:136 [main] INFO  com.qa.testLayer.TestCases - ******Test Case exection started******
18:29:13:596 [main] INFO  com.qa.testLayer.TestCases - ******Test Case exection stopped******
18:29:14:179 [main] INFO  com.qa.testLayer.TestCases - ******Browser closed******
18:29:14:181 [main] INFO  com.qa.testLayer.TestCases - ******Framework exection stopped******
19:10:22:803 [main] INFO  com.qa.testLayer.DDTestCases - ******DemoBlaze Automation Framework******
19:10:22:840 [main] INFO  com.qa.testLayer.DDTestCases - ******Framework exection stopped******
19:13:07:447 [main] INFO  com.qa.testLayer.DDTestCases - ******DemoBlaze Automation Framework******
19:13:07:486 [main] INFO  com.qa.testLayer.DDTestCases - ******Framework exection stopped******
19:16:31:412 [main] INFO  com.qa.testLayer.DDTestCases - ******DemoBlaze Automation Framework******
19:16:31:446 [main] INFO  com.qa.testLayer.DDTestCases - ******Framework exection stopped******
19:19:32:838 [main] INFO  com.qa.testLayer.DDTestCases - ******DemoBlaze Automation Framework******
19:19:32:878 [main] INFO  com.qa.testLayer.DDTestCases - ******Framework exection stopped******
19:20:28:993 [main] INFO  com.qa.testLayer.DDTestCases - ******DemoBlaze Automation Framework******
19:20:29:023 [main] INFO  com.qa.testLayer.DDTestCases - ******Framework exection stopped******
19:25:05:611 [main] INFO  com.qa.testLayer.TestCases - ******DemoBlaze Automation Framework******
19:25:08:972 [main] INFO  com.qa.testLayer.TestCases - ******Browser launched******
19:25:11:470 [main] INFO  com.qa.testLayer.TestCases - ******Test Case exection started******
19:25:11:563 [main] INFO  com.qa.testLayer.TestCases - ******test case: verifyBuyProcessOfNexus6******
19:25:15:784 [main] INFO  com.qa.testLayer.TestCases - ******Test Case exection stopped******
19:25:16:358 [main] INFO  com.qa.testLayer.TestCases - ******Browser closed******
19:25:17:658 [main] INFO  com.qa.testLayer.TestCases - ******Browser launched******
19:25:22:091 [main] INFO  com.qa.testLayer.TestCases - ******Test Case exection started******
19:25:22:100 [main] INFO  com.qa.testLayer.TestCases - ******test case: verifyBuyProcessOfNokiaLumia1520******
19:25:29:804 [main] INFO  com.qa.testLayer.TestCases - ******Test Case exection stopped******
19:25:31:048 [main] INFO  com.qa.testLayer.TestCases - ******Browser closed******
19:25:32:233 [main] INFO  com.qa.testLayer.TestCases - ******Browser launched******
19:25:36:611 [main] INFO  com.qa.testLayer.TestCases - ******Test Case exection started******
19:25:36:619 [main] INFO  com.qa.testLayer.TestCases - ******test case: verifyBuyProcessOfSamsungGalaxyS6******
19:25:43:121 [main] INFO  com.qa.testLayer.TestCases - ******Test Case exection stopped******
19:25:43:548 [main] INFO  com.qa.testLayer.TestCases - ******Browser closed******
19:25:43:550 [main] INFO  com.qa.testLayer.TestCases - ******Framework exection stopped******
19:27:27:380 [main] INFO  com.qa.testLayer.DDTestCases - ******DemoBlaze Automation Framework******
19:27:27:404 [main] INFO  com.qa.testLayer.DDTestCases - ******Framework exection stopped******
19:29:36:123 [main] INFO  com.qa.testLayer.DDTestCases - ******DemoBlaze Automation Framework******
19:29:36:144 [main] INFO  com.qa.testLayer.DDTestCases - ******Framework exection stopped******
19:53:43:004 [main] INFO  com.qa.testLayer.TestCases - ******DemoBlaze Automation Framework******
19:53:47:224 [main] INFO  com.qa.testLayer.TestCases - ******Browser launched******
19:53:52:658 [main] INFO  com.qa.testLayer.TestCases - ******Test Case exection started******
19:53:52:738 [main] INFO  com.qa.testLayer.TestCases - ******test case: verifyBuyProcessOfNexus6******
19:56:02:328 [main] INFO  com.qa.testLayer.TestCases - ******DemoBlaze Automation Framework******
19:56:21:845 [main] INFO  com.qa.testLayer.TestCases - ******DemoBlaze Automation Framework******
19:56:25:308 [main] INFO  com.qa.testLayer.TestCases - ******Browser launched******
19:56:27:833 [main] INFO  com.qa.testLayer.TestCases - ******Test Case exection started******
19:56:27:993 [main] INFO  com.qa.testLayer.TestCases - ******test case: verifyBuyProcessOfNexus6******
19:56:32:324 [main] INFO  com.qa.testLayer.TestCases - ******Test Case exection stopped******
19:56:32:897 [main] INFO  com.qa.testLayer.TestCases - ******Browser closed******
19:56:34:196 [main] INFO  com.qa.testLayer.TestCases - ******Browser launched******
19:56:35:884 [main] INFO  com.qa.testLayer.TestCases - ******Test Case exection started******
19:56:35:893 [main] INFO  com.qa.testLayer.TestCases - ******test case: verifyBuyProcessOfNokiaLumia1520******
19:56:43:901 [main] INFO  com.qa.testLayer.TestCases - ******Test Case exection stopped******
19:56:44:266 [main] INFO  com.qa.testLayer.TestCases - ******Browser closed******
19:56:45:622 [main] INFO  com.qa.testLayer.TestCases - ******Browser launched******
19:56:47:365 [main] INFO  com.qa.testLayer.TestCases - ******Test Case exection started******
19:56:47:368 [main] INFO  com.qa.testLayer.TestCases - ******test case: verifyBuyProcessOfSamsungGalaxyS6******
19:56:55:177 [main] INFO  com.qa.testLayer.TestCases - ******Test Case exection stopped******
19:56:55:580 [main] INFO  com.qa.testLayer.TestCases - ******Browser closed******
19:56:55:582 [main] INFO  com.qa.testLayer.TestCases - ******Framework exection stopped******
19:58:18:086 [main] INFO  com.qa.testLayer.TestCases - ******DemoBlaze Automation Framework******
19:58:21:323 [main] INFO  com.qa.testLayer.TestCases - ******Browser launched******
19:58:22:974 [main] INFO  com.qa.testLayer.TestCases - ******Test Case exection started******
19:58:23:058 [main] INFO  com.qa.testLayer.TestCases - ******test case: verifyBuyProcessOfNexus6******
19:58:27:326 [main] INFO  com.qa.testLayer.TestCases - ******Test Case exection stopped******
19:58:27:809 [main] INFO  com.qa.testLayer.TestCases - ******Browser closed******
19:58:29:241 [main] INFO  com.qa.testLayer.TestCases - ******Browser launched******
19:58:31:061 [main] INFO  com.qa.testLayer.TestCases - ******Test Case exection started******
19:58:31:073 [main] INFO  com.qa.testLayer.TestCases - ******test case: verifyBuyProcessOfNokiaLumia1520******
19:58:37:656 [main] INFO  com.qa.testLayer.TestCases - ******Test Case exection stopped******
19:58:38:015 [main] INFO  com.qa.testLayer.TestCases - ******Browser closed******
19:58:39:185 [main] INFO  com.qa.testLayer.TestCases - ******Browser launched******
19:58:41:142 [main] INFO  com.qa.testLayer.TestCases - ******Test Case exection started******
19:58:41:157 [main] INFO  com.qa.testLayer.TestCases - ******test case: verifyBuyProcessOfSamsungGalaxyS6******
19:58:47:684 [main] INFO  com.qa.testLayer.TestCases - ******Test Case exection stopped******
19:58:48:033 [main] INFO  com.qa.testLayer.TestCases - ******Browser closed******
19:58:48:035 [main] INFO  com.qa.testLayer.TestCases - ******Framework exection stopped******
20:01:42:633 [main] INFO  com.qa.testLayer.DDTestCases - ******DemoBlaze Automation Framework******
20:01:42:668 [main] INFO  com.qa.testLayer.DDTestCases - ******Framework exection stopped******
20:11:44:041 [main] INFO  com.qa.testLayer.DDTestCases - ******DemoBlaze Automation Framework******
20:11:44:071 [main] INFO  com.qa.testLayer.DDTestCases - ******Framework exection stopped******
20:13:06:604 [main] INFO  com.qa.testLayer.DDTestCases - ******DemoBlaze Automation Framework******
20:13:06:634 [main] INFO  com.qa.testLayer.DDTestCases - ******Framework exection stopped******
20:15:35:747 [main] INFO  com.qa.testLayer.DDTestCases - ******DemoBlaze Automation Framework******
20:15:35:782 [main] INFO  com.qa.testLayer.DDTestCases - ******Framework exection stopped******
20:15:59:217 [main] INFO  com.qa.testLayer.DDTestCases - ******DemoBlaze Automation Framework******
20:15:59:256 [main] INFO  com.qa.testLayer.DDTestCases - ******Framework exection stopped******
20:18:22:311 [main] INFO  com.qa.testLayer.DDTestCases - ******DemoBlaze Automation Framework******
20:18:27:342 [main] INFO  com.qa.testLayer.DDTestCases - ******Browser launched******
20:18:29:872 [main] INFO  com.qa.testLayer.DDTestCases - ******Test Case exection started******
20:18:37:809 [main] INFO  com.qa.testLayer.DDTestCases - ******Test Case exection stopped******
20:18:38:192 [main] INFO  com.qa.testLayer.DDTestCases - ******Browser closed******
20:18:39:402 [main] INFO  com.qa.testLayer.DDTestCases - ******Browser launched******
20:18:44:309 [main] INFO  com.qa.testLayer.DDTestCases - ******Test Case exection started******
20:18:52:010 [main] INFO  com.qa.testLayer.DDTestCases - ******Test Case exection stopped******
20:18:52:356 [main] INFO  com.qa.testLayer.DDTestCases - ******Browser closed******
20:18:53:848 [main] INFO  com.qa.testLayer.DDTestCases - ******Browser launched******
20:18:56:808 [main] INFO  com.qa.testLayer.DDTestCases - ******Test Case exection started******
20:19:05:848 [main] INFO  com.qa.testLayer.DDTestCases - ******Framework exection stopped******
20:22:55:043 [main] INFO  com.qa.testLayer.DDTestCases - ******DemoBlaze Automation Framework******
20:23:00:331 [main] INFO  com.qa.testLayer.DDTestCases - ******Browser launched******
20:23:06:340 [main] INFO  com.qa.testLayer.DDTestCases - ******Test Case exection started******
20:23:13:082 [main] INFO  com.qa.testLayer.DDTestCases - ******Test Case exection stopped******
20:23:13:581 [main] INFO  com.qa.testLayer.DDTestCases - ******Browser closed******
20:23:14:949 [main] INFO  com.qa.testLayer.DDTestCases - ******Browser launched******
20:23:17:358 [main] INFO  com.qa.testLayer.DDTestCases - ******Test Case exection started******
20:23:24:131 [main] INFO  com.qa.testLayer.DDTestCases - ******Test Case exection stopped******
20:23:24:617 [main] INFO  com.qa.testLayer.DDTestCases - ******Browser closed******
20:23:26:016 [main] INFO  com.qa.testLayer.DDTestCases - ******Browser launched******
20:23:27:971 [main] INFO  com.qa.testLayer.DDTestCases - ******Test Case exection started******
20:23:34:991 [main] INFO  com.qa.testLayer.DDTestCases - ******Test Case exection stopped******
20:23:35:407 [main] INFO  com.qa.testLayer.DDTestCases - ******Browser closed******
20:23:35:408 [main] INFO  com.qa.testLayer.DDTestCases - ******Framework exection stopped******
20:23:35:914 [main] INFO  com.qa.testLayer.DDTestCases - ******DemoBlaze Automation Framework******
20:23:45:474 [main] INFO  com.qa.testLayer.DDTestCases - ******Test Case exection started******
20:23:52:209 [main] INFO  com.qa.testLayer.DDTestCases - ******Test Case exection stopped******
20:23:53:939 [main] INFO  com.qa.testLayer.DDTestCases - ******Browser closed******
20:24:03:579 [main] INFO  com.qa.testLayer.DDTestCases - ******Test Case exection started******
20:24:10:373 [main] INFO  com.qa.testLayer.DDTestCases - ******Test Case exection stopped******
20:24:11:882 [main] INFO  com.qa.testLayer.DDTestCases - ******Browser closed******
20:24:20:457 [main] INFO  com.qa.testLayer.DDTestCases - ******Test Case exection started******
20:24:27:186 [main] INFO  com.qa.testLayer.DDTestCases - ******Test Case exection stopped******
20:24:28:652 [main] INFO  com.qa.testLayer.DDTestCases - ******Browser closed******
20:24:28:654 [main] INFO  com.qa.testLayer.DDTestCases - ******Framework exection stopped******
20:44:45:795 [main] INFO  com.qa.testLayer.DDTestCases - ******DemoBlaze Automation Framework******
20:44:50:880 [main] INFO  com.qa.testLayer.DDTestCases - ******Browser launched******
20:44:52:433 [main] INFO  com.qa.testLayer.DDTestCases - ******Test Case exection started******
20:44:59:386 [main] INFO  com.qa.testLayer.DDTestCases - ******Test Case exection stopped******
20:44:59:878 [main] INFO  com.qa.testLayer.DDTestCases - ******Browser closed******
20:45:01:185 [main] INFO  com.qa.testLayer.DDTestCases - ******Browser launched******
20:45:03:609 [main] INFO  com.qa.testLayer.DDTestCases - ******Test Case exection started******
20:45:10:488 [main] INFO  com.qa.testLayer.DDTestCases - ******Test Case exection stopped******
20:45:10:952 [main] INFO  com.qa.testLayer.DDTestCases - ******Browser closed******
20:45:12:282 [main] INFO  com.qa.testLayer.DDTestCases - ******Browser launched******
20:45:17:285 [main] INFO  com.qa.testLayer.DDTestCases - ******Test Case exection started******
20:45:24:183 [main] INFO  com.qa.testLayer.DDTestCases - ******Test Case exection stopped******
20:45:24:623 [main] INFO  com.qa.testLayer.DDTestCases - ******Browser closed******
20:45:24:626 [main] INFO  com.qa.testLayer.DDTestCases - ******Framework exection stopped******
20:45:24:630 [main] INFO  com.qa.testLayer.TestCases - ******DemoBlaze Automation Framework******
20:45:25:914 [main] INFO  com.qa.testLayer.TestCases - ******Browser launched******
20:45:28:730 [main] INFO  com.qa.testLayer.TestCases - ******Test Case exection started******
20:45:28:749 [main] INFO  com.qa.testLayer.TestCases - ******test case: verifyBuyProcessOfNexus6******
20:45:33:068 [main] INFO  com.qa.testLayer.TestCases - ******Test Case exection stopped******
20:45:33:515 [main] INFO  com.qa.testLayer.TestCases - ******Browser closed******
20:45:34:659 [main] INFO  com.qa.testLayer.TestCases - ******Browser launched******
20:45:38:219 [main] INFO  com.qa.testLayer.TestCases - ******Test Case exection started******
20:45:38:231 [main] INFO  com.qa.testLayer.TestCases - ******test case: verifyBuyProcessOfNokiaLumia1520******
20:45:44:512 [main] INFO  com.qa.testLayer.TestCases - ******Test Case exection stopped******
20:45:44:914 [main] INFO  com.qa.testLayer.TestCases - ******Browser closed******
20:45:46:068 [main] INFO  com.qa.testLayer.TestCases - ******Browser launched******
20:45:49:195 [main] INFO  com.qa.testLayer.TestCases - ******Test Case exection started******
20:45:49:210 [main] INFO  com.qa.testLayer.TestCases - ******test case: verifyBuyProcessOfSamsungGalaxyS6******
20:45:55:515 [main] INFO  com.qa.testLayer.TestCases - ******Test Case exection stopped******
20:45:55:844 [main] INFO  com.qa.testLayer.TestCases - ******Browser closed******
20:45:55:845 [main] INFO  com.qa.testLayer.TestCases - ******Framework exection stopped******
20:45:56:464 [main] INFO  com.qa.testLayer.DDTestCases - ******DemoBlaze Automation Framework******
20:46:03:708 [main] INFO  com.qa.testLayer.DDTestCases - ******Test Case exection started******
20:46:10:481 [main] INFO  com.qa.testLayer.DDTestCases - ******Test Case exection stopped******
20:46:12:188 [main] INFO  com.qa.testLayer.DDTestCases - ******Browser closed******
20:46:21:633 [main] INFO  com.qa.testLayer.DDTestCases - ******Test Case exection started******
20:46:28:432 [main] INFO  com.qa.testLayer.DDTestCases - ******Test Case exection stopped******
20:46:30:256 [main] INFO  com.qa.testLayer.DDTestCases - ******Browser closed******
20:46:37:881 [main] INFO  com.qa.testLayer.DDTestCases - ******Test Case exection started******
20:46:44:709 [main] INFO  com.qa.testLayer.DDTestCases - ******Test Case exection stopped******
20:46:46:515 [main] INFO  com.qa.testLayer.DDTestCases - ******Browser closed******
20:46:46:517 [main] INFO  com.qa.testLayer.DDTestCases - ******Framework exection stopped******
20:46:46:519 [main] INFO  com.qa.testLayer.TestCases - ******DemoBlaze Automation Framework******
20:46:52:377 [main] INFO  com.qa.testLayer.TestCases - ******Test Case exection started******
20:46:52:379 [main] INFO  com.qa.testLayer.TestCases - ******test case: verifyBuyProcessOfNexus6******
20:46:56:838 [main] INFO  com.qa.testLayer.TestCases - ******Test Case exection stopped******
20:46:58:312 [main] INFO  com.qa.testLayer.TestCases - ******Browser closed******
20:47:04:457 [main] INFO  com.qa.testLayer.TestCases - ******Test Case exection started******
20:47:04:460 [main] INFO  com.qa.testLayer.TestCases - ******test case: verifyBuyProcessOfNokiaLumia1520******
20:47:12:347 [main] INFO  com.qa.testLayer.TestCases - ******Test Case exection stopped******
20:47:13:572 [main] INFO  com.qa.testLayer.TestCases - ******Browser closed******
20:47:20:402 [main] INFO  com.qa.testLayer.TestCases - ******Test Case exection started******
20:47:20:405 [main] INFO  com.qa.testLayer.TestCases - ******test case: verifyBuyProcessOfSamsungGalaxyS6******
20:47:27:018 [main] INFO  com.qa.testLayer.TestCases - ******Test Case exection stopped******
20:47:28:514 [main] INFO  com.qa.testLayer.TestCases - ******Browser closed******
20:47:28:515 [main] INFO  com.qa.testLayer.TestCases - ******Framework exection stopped******
